# JRE version: Java(TM) SE Runtime Environment (8.0_73-b02) (build 1.8.0_73-b02)
# Java VM: Java HotSpot(TM) Client VM (25.73-b02 mixed mode windows-x86 )
Heap:
 def new generation   total 4928K, used 2866K [0x04000000, 0x04550000, 0x09550000)
  eden space 4416K,  64% used [0x04000000, 0x042c6830, 0x04450000)
  from space 512K,   4% used [0x044d0000, 0x044d60f0, 0x04550000)
  to   space 512K,   0% used [0x04450000, 0x04450000, 0x044d0000)
 tenured generation   total 10944K, used 1357K [0x09550000, 0x0a000000, 0x14000000)
   the space 10944K,  12% used [0x09550000, 0x096a37e0, 0x096a3800, 0x0a000000)
 Metaspace       used 5585K, capacity 5737K, committed 5760K, reserved 6528K
GC Heap History (10 events):
Event: 65.445 GC heap before
{Heap before GC invocations=12 (full 0):
 def new generation   total 4928K, used 4421K [0x04000000, 0x04550000, 0x09550000)
  eden space 4416K, 100% used [0x04000000, 0x04450000, 0x04450000)
  from space 512K,   1% used [0x04450000, 0x04451790, 0x044d0000)
  to   space 512K,   0% used [0x044d0000, 0x044d0000, 0x04550000)
 tenured generation   total 10944K, used 1357K [0x09550000, 0x0a000000, 0x14000000)
   the space 10944K,  12% used [0x09550000, 0x096a37e0, 0x096a3800, 0x0a000000)
 Metaspace       used 5583K, capacity 5737K, committed 5760K, reserved 6528K
Event: 65.446 GC heap after
Heap after GC invocations=13 (full 0):
 def new generation   total 4928K, used 19K [0x04000000, 0x04550000, 0x09550000)
  eden space 4416K,   0% used [0x04000000, 0x04000000, 0x04450000)
  from space 512K,   3% used [0x044d0000, 0x044d4dc8, 0x04550000)
  to   space 512K,   0% used [0x04450000, 0x04450000, 0x044d0000)
 tenured generation   total 10944K, used 1357K [0x09550000, 0x0a000000, 0x14000000)
   the space 10944K,  12% used [0x09550000, 0x096a37e0, 0x096a3800, 0x0a000000)
 Metaspace       used 5583K, capacity 5737K, committed 5760K, reserved 6528K
}
Event: 71.588 GC heap before
{Heap before GC invocations=13 (full 0):
 def new generation   total 4928K, used 4435K [0x04000000, 0x04550000, 0x09550000)
  eden space 4416K, 100% used [0x04000000, 0x04450000, 0x04450000)
  from space 512K,   3% used [0x044d0000, 0x044d4dc8, 0x04550000)
  to   space 512K,   0% used [0x04450000, 0x04450000, 0x044d0000)
 tenured generation   total 10944K, used 1357K [0x09550000, 0x0a000000, 0x14000000)
   the space 10944K,  12% used [0x09550000, 0x096a37e0, 0x096a3800, 0x0a000000)
 Metaspace       used 5583K, capacity 5737K, committed 5760K, reserved 6528K
Event: 71.589 GC heap after
Heap after GC invocations=14 (full 0):
 def new generation   total 4928K, used 35K [0x04000000, 0x04550000, 0x09550000)
  eden space 4416K,   0% used [0x04000000, 0x04000000, 0x04450000)
  from space 512K,   6% used [0x04450000, 0x04458da0, 0x044d0000)
  to   space 512K,   0% used [0x044d0000, 0x044d0000, 0x04550000)
 tenured generation   total 10944K, used 1357K [0x09550000, 0x0a000000, 0x14000000)
   the space 10944K,  12% used [0x09550000, 0x096a37e0, 0x096a3800, 0x0a000000)
 Metaspace       used 5583K, capacity 5737K, committed 5760K, reserved 6528K
}
Event: 78.254 GC heap before
{Heap before GC invocations=14 (full 0):
 def new generation   total 4928K, used 4451K [0x04000000, 0x04550000, 0x09550000)
  eden space 4416K, 100% used [0x04000000, 0x04450000, 0x04450000)
  from space 512K,   6% used [0x04450000, 0x04458da0, 0x044d0000)
  to   space 512K,   0% used [0x044d0000, 0x044d0000, 0x04550000)
 tenured generation   total 10944K, used 1357K [0x09550000, 0x0a000000, 0x14000000)
   the space 10944K,  12% used [0x09550000, 0x096a37e0, 0x096a3800, 0x0a000000)
 Metaspace       used 5583K, capacity 5737K, committed 5760K, reserved 6528K
Event: 78.256 GC heap after
Heap after GC invocations=15 (full 0):
 def new generation   total 4928K, used 47K [0x04000000, 0x04550000, 0x09550000)
  eden space 4416K,   0% used [0x04000000, 0x04000000, 0x04450000)
  from space 512K,   9% used [0x044d0000, 0x044dbc60, 0x04550000)
  to   space 512K,   0% used [0x04450000, 0x04450000, 0x044d0000)
 tenured generation   total 10944K, used 1357K [0x09550000, 0x0a000000, 0x14000000)
   the space 10944K,  12% used [0x09550000, 0x096a37e0, 0x096a3800, 0x0a000000)
 Metaspace       used 5583K, capacity 5737K, committed 5760K, reserved 6528K
}
Event: 85.463 GC heap before
{Heap before GC invocations=15 (full 0):
 def new generation   total 4928K, used 4463K [0x04000000, 0x04550000, 0x09550000)
  eden space 4416K, 100% used [0x04000000, 0x04450000, 0x04450000)
  from space 512K,   9% used [0x044d0000, 0x044dbc60, 0x04550000)
  to   space 512K,   0% used [0x04450000, 0x04450000, 0x044d0000)
 tenured generation   total 10944K, used 1357K [0x09550000, 0x0a000000, 0x14000000)
   the space 10944K,  12% used [0x09550000, 0x096a37e0, 0x096a3800, 0x0a000000)
 Metaspace       used 5583K, capacity 5737K, committed 5760K, reserved 6528K
Event: 85.464 GC heap after
Heap after GC invocations=16 (full 0):
 def new generation   total 4928K, used 35K [0x04000000, 0x04550000, 0x09550000)
  eden space 4416K,   0% used [0x04000000, 0x04000000, 0x04450000)
  from space 512K,   6% used [0x04450000, 0x04458e80, 0x044d0000)
  to   space 512K,   0% used [0x044d0000, 0x044d0000, 0x04550000)
 tenured generation   total 10944K, used 1357K [0x09550000, 0x0a000000, 0x14000000)
   the space 10944K,  12% used [0x09550000, 0x096a37e0, 0x096a3800, 0x0a000000)
 Metaspace       used 5583K, capacity 5737K, committed 5760K, reserved 6528K
}
Event: 89.070 GC heap before
{Heap before GC invocations=16 (full 0):
 def new generation   total 4928K, used 4451K [0x04000000, 0x04550000, 0x09550000)
  eden space 4416K, 100% used [0x04000000, 0x04450000, 0x04450000)
  from space 512K,   6% used [0x04450000, 0x04458e80, 0x044d0000)
  to   space 512K,   0% used [0x044d0000, 0x044d0000, 0x04550000)
 tenured generation   total 10944K, used 1357K [0x09550000, 0x0a000000, 0x14000000)
   the space 10944K,  12% used [0x09550000, 0x096a37e0, 0x096a3800, 0x0a000000)
 Metaspace       used 5583K, capacity 5737K, committed 5760K, reserved 6528K
Event: 89.071 GC heap after
Heap after GC invocations=17 (full 0):
 def new generation   total 4928K, used 24K [0x04000000, 0x04550000, 0x09550000)
  eden space 4416K,   0% used [0x04000000, 0x04000000, 0x04450000)
  from space 512K,   4% used [0x044d0000, 0x044d60f0, 0x04550000)
  to   space 512K,   0% used [0x04450000, 0x04450000, 0x044d0000)
 tenured generation   total 10944K, used 1357K [0x09550000, 0x0a000000, 0x14000000)
   the space 10944K,  12% used [0x09550000, 0x096a37e0, 0x096a3800, 0x0a000000)
 Metaspace       used 5583K, capacity 5737K, committed 5760K, reserved 6528K
}

